Using pre-set license
Built from '2020.3/staging' branch; Version is '2020.3.16f1 (049d6eca3c44) revision 302446'; Using compiler version '192528614'; Build Type 'Release'
OS: 'Windows 10 Education; OS build 19041.1237; Version 2004; 64bit' Language: 'en' Physical Memory: 16319 MB
BatchMode: 1, IsHumanControllingUs: 0, StartBugReporterOnCrash: 0, Is64bit: 1, IsPro: 0

 COMMAND LINE ARGUMENTS:
C:\Program Files\Unity\Hub\Editor\2020.3.16f1\Editor\Unity.exe
-adb2
-batchMode
-noUpm
-name
AssetImportWorker0
-projectPath
C:/Users/gabrielle.wright/Documents/GitHub/GameJam
-logFile
Logs/AssetImportWorker0.log
-srvPort
52974
Successfully changed project path to: C:/Users/gabrielle.wright/Documents/GitHub/GameJam
C:/Users/gabrielle.wright/Documents/GitHub/GameJam
Using Asset Import Pipeline V2.
Refreshing native plugins compatible for Editor in 40.61 ms, found 3 plugins.
Preloading 0 native plugins for Editor in 0.00 ms.
Initialize engine version: 2020.3.16f1 (049d6eca3c44)
[Subsystems] Discovering subsystems at path C:/Program Files/Unity/Hub/Editor/2020.3.16f1/Editor/Data/Resources/UnitySubsystems
[Subsystems] Discovering subsystems at path C:/Users/gabrielle.wright/Documents/GitHub/GameJam/Assets
GfxDevice: creating device client; threaded=0
Direct3D:
    Version:  Direct3D 11.0 [level 11.1]
    Renderer: NVIDIA GeForce GTX 1060 6GB (ID=0x1c03)
    Vendor:   
    VRAM:     6052 MB
    Driver:   26.21.14.3648
Initialize mono
Mono path[0] = 'C:/Program Files/Unity/Hub/Editor/2020.3.16f1/Editor/Data/Managed'
Mono path[1] = 'C:/Program Files/Unity/Hub/Editor/2020.3.16f1/Editor/Data/MonoBleedingEdge/lib/mono/unityjit'
Mono config path = 'C:/Program Files/Unity/Hub/Editor/2020.3.16f1/Editor/Data/MonoBleedingEdge/etc'
Using monoOptions --debugger-agent=transport=dt_socket,embedding=1,server=y,suspend=n,address=127.0.0.1:56796
Begin MonoManager ReloadAssembly
Registering precompiled unity dll's ...
Register platform support module: C:/Program Files/Unity/Hub/Editor/2020.3.16f1/Editor/Data/PlaybackEngines/WindowsStandaloneSupport/UnityEditor.WindowsStandalone.Extensions.dll
Registered in 0.002050 seconds.
Native extension for WindowsStandalone target not found
Refreshing native plugins compatible for Editor in 37.12 ms, found 3 plugins.
Preloading 0 native plugins for Editor in 0.00 ms.
Mono: successfully reloaded assembly
- Completed reload, in  0.936 seconds
Domain Reload Profiling:
	ReloadAssembly (936ms)
		BeginReloadAssembly (48ms)
			ExecutionOrderSort (0ms)
			DisableScriptedObjects (0ms)
			BackupInstance (0ms)
			ReleaseScriptingObjects (0ms)
			CreateAndSetChildDomain (1ms)
		EndReloadAssembly (345ms)
			LoadAssemblies (46ms)
			RebuildTransferFunctionScriptingTraits (0ms)
			SetupTypeCache (121ms)
			ReleaseScriptCaches (0ms)
			RebuildScriptCaches (26ms)
			SetupLoadedEditorAssemblies (136ms)
				LogAssemblyErrors (0ms)
				InitializePlatformSupportModulesInManaged (4ms)
				SetLoadedEditorAssemblies (0ms)
				RefreshPlugins (37ms)
				BeforeProcessingInitializeOnLoad (7ms)
				ProcessInitializeOnLoadAttributes (65ms)
				ProcessInitializeOnLoadMethodAttributes (23ms)
				AfterProcessingInitializeOnLoad (0ms)
				EditorAssembliesLoaded (0ms)
			ExecutionOrderSort2 (0ms)
			AwakeInstancesAfterBackupRestoration (0ms)
Platform modules already initialized, skipping
Registering precompiled user dll's ...
Registered in 0.004572 seconds.
Begin MonoManager ReloadAssembly
Native extension for WindowsStandalone target not found
Refreshing native plugins compatible for Editor in 36.85 ms, found 3 plugins.
Preloading 0 native plugins for Editor in 0.00 ms.
Mono: successfully reloaded assembly
- Completed reload, in  1.018 seconds
Domain Reload Profiling:
	ReloadAssembly (1018ms)
		BeginReloadAssembly (118ms)
			ExecutionOrderSort (0ms)
			DisableScriptedObjects (4ms)
			BackupInstance (0ms)
			ReleaseScriptingObjects (0ms)
			CreateAndSetChildDomain (15ms)
		EndReloadAssembly (849ms)
			LoadAssemblies (77ms)
			RebuildTransferFunctionScriptingTraits (0ms)
			SetupTypeCache (248ms)
			ReleaseScriptCaches (0ms)
			RebuildScriptCaches (39ms)
			SetupLoadedEditorAssemblies (378ms)
				LogAssemblyErrors (0ms)
				InitializePlatformSupportModulesInManaged (3ms)
				SetLoadedEditorAssemblies (0ms)
				RefreshPlugins (37ms)
				BeforeProcessingInitializeOnLoad (58ms)
				ProcessInitializeOnLoadAttributes (262ms)
				ProcessInitializeOnLoadMethodAttributes (11ms)
				AfterProcessingInitializeOnLoad (6ms)
				EditorAssembliesLoaded (0ms)
			ExecutionOrderSort2 (0ms)
			AwakeInstancesAfterBackupRestoration (5ms)
Platform modules already initialized, skipping
========================================================================
Worker process is ready to serve import requests
Launched and connected shader compiler UnityShaderCompiler.exe after 0.06 seconds
Refreshing native plugins compatible for Editor in 0.44 ms, found 3 plugins.
Preloading 0 native plugins for Editor in 0.00 ms.
Unloading 2391 Unused Serialized files (Serialized files now loaded: 0)
System memory in use before: 103.6 MB.
System memory in use after: 103.7 MB.

Unloading 30 unused Assets to reduce memory usage. Loaded Objects now: 2830.
Total: 3.265800 ms (FindLiveObjects: 0.294900 ms CreateObjectMapping: 0.120900 ms MarkObjects: 2.786500 ms  DeleteObjects: 0.062300 ms)

AssetImportParameters requested are different than current active one (requested -> active):
  custom:framework-win-MediaFoundation: 216162199b28c13a410421893ffa2e32 -> 
  custom:video-decoder-ogg-theora: a1e56fd34408186e4bbccfd4996cb3dc -> 
  custom:container-muxer-webm: aa71ff27fc2769a1b78a27578f13a17b -> 
  custom:container-demuxer-webm: 4f35f7cbe854078d1ac9338744f61a02 -> 
  custom:container-demuxer-ogg: 62fdf1f143b41e24485cea50d1cbac27 -> 
  custom:video-encoder-webm-vp8: eb34c28f22e8b96e1ab97ce403110664 -> 
  custom:video-decoder-webm-vp8: 9c59270c3fd7afecdb556c50c9e8de78 -> 
  custom:audio-decoder-ogg-vorbis: bf7c407c2cedff20999df2af8eb42d56 -> 
  custom:audio-encoder-webm-vorbis: bf7c407c2cedff20999df2af8eb42d56 -> 
========================================================================
Received Import Request.
  path: Assets/Player Controls.inputactions
  artifactKey: Guid(f1afa5f558fb249b8ab2b646e37702a4) Importer(815301076,1909f56bfc062723c751e8b465ee728b)
Start importing Assets/Player Controls.inputactions using Guid(f1afa5f558fb249b8ab2b646e37702a4) Importer(815301076,1909f56bfc062723c751e8b465ee728b)  -> (artifact id: '070c632a2354e23d4f6fc4833ceddfb5') in 0.040660 seconds 
  Import took 0.043935 seconds .

========================================================================
Received Import Request.
  Time since last request: 323.273413 seconds.
  path: Assets/Physics Materials
  artifactKey: Guid(f7c910d66f08346bbbf713d167fb8f6a) Importer(815301076,1909f56bfc062723c751e8b465ee728b)
Start importing Assets/Physics Materials using Guid(f7c910d66f08346bbbf713d167fb8f6a) Importer(815301076,1909f56bfc062723c751e8b465ee728b)  -> (artifact id: '98214fcd78424dd9cd6d23b41368e510') in 0.005380 seconds 
  Import took 0.008883 seconds .

========================================================================
Received Import Request.
  Time since last request: 0.005684 seconds.
  path: Assets/Physics Materials
  artifactKey: Guid(f7c910d66f08346bbbf713d167fb8f6a) Importer(815301076,1909f56bfc062723c751e8b465ee728b)
Start importing Assets/Physics Materials using Guid(f7c910d66f08346bbbf713d167fb8f6a) Importer(815301076,1909f56bfc062723c751e8b465ee728b)  -> (artifact id: '98214fcd78424dd9cd6d23b41368e510') in 0.005032 seconds 
  Import took 0.008237 seconds .

========================================================================
Received Import Request.
  Time since last request: 1.150175 seconds.
  path: Assets/LedgeGrabTriggerScript.cs
  artifactKey: Guid(bc7ed2e4d779e4859b9dc984d45249de) Importer(815301076,1909f56bfc062723c751e8b465ee728b)
Start importing Assets/LedgeGrabTriggerScript.cs using Guid(bc7ed2e4d779e4859b9dc984d45249de) Importer(815301076,1909f56bfc062723c751e8b465ee728b)  -> (artifact id: 'd775724f7c1a46aab5d4303d32eb5407') in 0.064193 seconds 
  Import took 0.067136 seconds .

========================================================================
Received Import Request.
  Time since last request: 1.050341 seconds.
  path: Assets/Player Controls.cs
  artifactKey: Guid(e9087eb96f5d04258a2cba0bcec75c83) Importer(815301076,1909f56bfc062723c751e8b465ee728b)
Start importing Assets/Player Controls.cs using Guid(e9087eb96f5d04258a2cba0bcec75c83) Importer(815301076,1909f56bfc062723c751e8b465ee728b)  -> (artifact id: 'e5824fe16971c74d053b58ca96c33875') in 0.002969 seconds 
  Import took 0.006066 seconds .

========================================================================
Received Import Request.
  Time since last request: 0.006363 seconds.
  path: Assets/Player Controls.cs
  artifactKey: Guid(e9087eb96f5d04258a2cba0bcec75c83) Importer(815301076,1909f56bfc062723c751e8b465ee728b)
Start importing Assets/Player Controls.cs using Guid(e9087eb96f5d04258a2cba0bcec75c83) Importer(815301076,1909f56bfc062723c751e8b465ee728b)  -> (artifact id: 'e5824fe16971c74d053b58ca96c33875') in 0.003730 seconds 
  Import took 0.006929 seconds .

========================================================================
Received Import Request.
  Time since last request: 1.539072 seconds.
  path: Assets/Scripts
  artifactKey: Guid(57fe4dc7675e5404b983d71bb50c81bc) Importer(815301076,1909f56bfc062723c751e8b465ee728b)
Start importing Assets/Scripts using Guid(57fe4dc7675e5404b983d71bb50c81bc) Importer(815301076,1909f56bfc062723c751e8b465ee728b)  -> (artifact id: 'd7b12581f8a2a6b465d3b743d70245c5') in 0.006464 seconds 
  Import took 0.009729 seconds .

========================================================================
Received Prepare
Registering precompiled user dll's ...
Registered in 0.003995 seconds.
Begin MonoManager ReloadAssembly
Native extension for WindowsStandalone target not found
Refreshing native plugins compatible for Editor in 0.41 ms, found 3 plugins.
Preloading 0 native plugins for Editor in 0.00 ms.
Mono: successfully reloaded assembly
- Completed reload, in  0.929 seconds
Domain Reload Profiling:
	ReloadAssembly (929ms)
		BeginReloadAssembly (108ms)
			ExecutionOrderSort (0ms)
			DisableScriptedObjects (5ms)
			BackupInstance (0ms)
			ReleaseScriptingObjects (0ms)
			CreateAndSetChildDomain (30ms)
		EndReloadAssembly (767ms)
			LoadAssemblies (73ms)
			RebuildTransferFunctionScriptingTraits (0ms)
			SetupTypeCache (248ms)
			ReleaseScriptCaches (1ms)
			RebuildScriptCaches (35ms)
			SetupLoadedEditorAssemblies (315ms)
				LogAssemblyErrors (0ms)
				InitializePlatformSupportModulesInManaged (3ms)
				SetLoadedEditorAssemblies (0ms)
				RefreshPlugins (0ms)
				BeforeProcessingInitializeOnLoad (47ms)
				ProcessInitializeOnLoadAttributes (253ms)
				ProcessInitializeOnLoadMethodAttributes (5ms)
				AfterProcessingInitializeOnLoad (6ms)
				EditorAssembliesLoaded (0ms)
			ExecutionOrderSort2 (0ms)
			AwakeInstancesAfterBackupRestoration (8ms)
Platform modules already initialized, skipping
Refreshing native plugins compatible for Editor in 0.39 ms, found 3 plugins.
Preloading 0 native plugins for Editor in 0.00 ms.
Unloading 2381 Unused Serialized files (Serialized files now loaded: 0)
System memory in use before: 103.3 MB.
System memory in use after: 103.5 MB.

Unloading 16 unused Assets to reduce memory usage. Loaded Objects now: 2833.
Total: 3.159800 ms (FindLiveObjects: 0.198300 ms CreateObjectMapping: 0.112400 ms MarkObjects: 2.834200 ms  DeleteObjects: 0.014300 ms)

AssetImportParameters requested are different than current active one (requested -> active):
  custom:framework-win-MediaFoundation: 216162199b28c13a410421893ffa2e32 -> 
  custom:video-decoder-ogg-theora: a1e56fd34408186e4bbccfd4996cb3dc -> 
  custom:container-muxer-webm: aa71ff27fc2769a1b78a27578f13a17b -> 
  custom:container-demuxer-webm: 4f35f7cbe854078d1ac9338744f61a02 -> 
  custom:container-demuxer-ogg: 62fdf1f143b41e24485cea50d1cbac27 -> 
  custom:video-encoder-webm-vp8: eb34c28f22e8b96e1ab97ce403110664 -> 
  custom:video-decoder-webm-vp8: 9c59270c3fd7afecdb556c50c9e8de78 -> 
  custom:audio-decoder-ogg-vorbis: bf7c407c2cedff20999df2af8eb42d56 -> 
  custom:audio-encoder-webm-vorbis: bf7c407c2cedff20999df2af8eb42d56 -> 
========================================================================
Received Import Request.
  Time since last request: 68.698072 seconds.
  path: Assets/Scenes
  artifactKey: Guid(1fa01c499b2ca4d2ebae746dc223c6d5) Importer(815301076,1909f56bfc062723c751e8b465ee728b)
Start importing Assets/Scenes using Guid(1fa01c499b2ca4d2ebae746dc223c6d5) Importer(815301076,1909f56bfc062723c751e8b465ee728b)  -> (artifact id: 'a537bcb5c3cbfcab277d7e6b919b8e0a') in 0.007980 seconds 
  Import took 0.010958 seconds .

========================================================================
Received Import Request.
  Time since last request: 14.445104 seconds.
  path: Assets/Scenes/Main Menu.unity
  artifactKey: Guid(bdbf8c53ae4334341be048a8bfb650c0) Importer(815301076,1909f56bfc062723c751e8b465ee728b)
Start importing Assets/Scenes/Main Menu.unity using Guid(bdbf8c53ae4334341be048a8bfb650c0) Importer(815301076,1909f56bfc062723c751e8b465ee728b)  -> (artifact id: 'b04e7f1c25f3ab7936d2174415bc5a05') in 0.014862 seconds 
  Import took 0.017840 seconds .

========================================================================
Received Import Request.
  Time since last request: 64.883021 seconds.
  path: Assets/Scenes/End Scene.unity
  artifactKey: Guid(355eb3d06b6e52243ab426f207a6533b) Importer(815301076,1909f56bfc062723c751e8b465ee728b)
Start importing Assets/Scenes/End Scene.unity using Guid(355eb3d06b6e52243ab426f207a6533b) Importer(815301076,1909f56bfc062723c751e8b465ee728b)  -> (artifact id: '32e404cff40a194b8ee17ae07ff05c76') in 0.008422 seconds 
  Import took 0.012189 seconds .

